Started analysis of SCC_7320_N_R1.fastq.gz
Approx 5% complete for SCC_7320_N_R1.fastq.gz
Approx 10% complete for SCC_7320_N_R1.fastq.gz
Approx 15% complete for SCC_7320_N_R1.fastq.gz
Approx 20% complete for SCC_7320_N_R1.fastq.gz
Approx 25% complete for SCC_7320_N_R1.fastq.gz
Approx 30% complete for SCC_7320_N_R1.fastq.gz
Approx 35% complete for SCC_7320_N_R1.fastq.gz
Approx 40% complete for SCC_7320_N_R1.fastq.gz
Approx 45% complete for SCC_7320_N_R1.fastq.gz
Approx 50% complete for SCC_7320_N_R1.fastq.gz
Approx 55% complete for SCC_7320_N_R1.fastq.gz
Approx 60% complete for SCC_7320_N_R1.fastq.gz
Approx 65% complete for SCC_7320_N_R1.fastq.gz
Approx 70% complete for SCC_7320_N_R1.fastq.gz
Approx 75% complete for SCC_7320_N_R1.fastq.gz
Approx 80% complete for SCC_7320_N_R1.fastq.gz
Approx 85% complete for SCC_7320_N_R1.fastq.gz
Approx 90% complete for SCC_7320_N_R1.fastq.gz
Approx 95% complete for SCC_7320_N_R1.fastq.gz
Started analysis of SCC_7320_N_R2.fastq.gz
Approx 5% complete for SCC_7320_N_R2.fastq.gz
Approx 10% complete for SCC_7320_N_R2.fastq.gz
Approx 15% complete for SCC_7320_N_R2.fastq.gz
Approx 20% complete for SCC_7320_N_R2.fastq.gz
Approx 25% complete for SCC_7320_N_R2.fastq.gz
Approx 30% complete for SCC_7320_N_R2.fastq.gz
Approx 35% complete for SCC_7320_N_R2.fastq.gz
Approx 40% complete for SCC_7320_N_R2.fastq.gz
Approx 45% complete for SCC_7320_N_R2.fastq.gz
Approx 50% complete for SCC_7320_N_R2.fastq.gz
Approx 55% complete for SCC_7320_N_R2.fastq.gz
Approx 60% complete for SCC_7320_N_R2.fastq.gz
Approx 65% complete for SCC_7320_N_R2.fastq.gz
Approx 70% complete for SCC_7320_N_R2.fastq.gz
Approx 75% complete for SCC_7320_N_R2.fastq.gz
Approx 80% complete for SCC_7320_N_R2.fastq.gz
Approx 85% complete for SCC_7320_N_R2.fastq.gz
Approx 90% complete for SCC_7320_N_R2.fastq.gz
Approx 95% complete for SCC_7320_N_R2.fastq.gz
TrimmomaticPE: Started with arguments:
 -threads 5 -phred33 -trimlog /tmp/output/03_trimmomatic/LOG_SCC_7320_N.txt /tmp/raw-data/P2000996_02292020/FASTQ/SCC_7320_N_R1.fastq.gz /tmp/raw-data/P2000996_02292020/FASTQ/SCC_7320_N_R2.fastq.gz /tmp/output/03_trimmomatic/SCC_7320_N_R1_trimmed.fastq.gz /tmp/output/03_trimmomatic/SCC_7320_N_R1_trimmedUNPAIRED.fastq.gz /tmp/output/03_trimmomatic/SCC_7320_N_R2_trimmed.fastq.gz /tmp/output/03_trimmomatic/SCC_7320_N_R2_trimmedUNPAIRED.fastq.gz LEADING:30 TRAILING:30 SLIDINGWINDOW:4:30 MINLEN:90
Input Read Pairs: 23126234 Both Surviving: 15508750 (67.06%) Forward Only Surviving: 3127646 (13.52%) Reverse Only Surviving: 1854644 (8.02%) Dropped: 2635194 (11.39%)
TrimmomaticPE: Completed successfully
Started analysis of SCC_7320_N_R1_trimmed.fastq.gz
Approx 5% complete for SCC_7320_N_R1_trimmed.fastq.gz
Approx 10% complete for SCC_7320_N_R1_trimmed.fastq.gz
Approx 15% complete for SCC_7320_N_R1_trimmed.fastq.gz
Approx 20% complete for SCC_7320_N_R1_trimmed.fastq.gz
Approx 25% complete for SCC_7320_N_R1_trimmed.fastq.gz
Approx 30% complete for SCC_7320_N_R1_trimmed.fastq.gz
Approx 35% complete for SCC_7320_N_R1_trimmed.fastq.gz
Approx 40% complete for SCC_7320_N_R1_trimmed.fastq.gz
Approx 45% complete for SCC_7320_N_R1_trimmed.fastq.gz
Approx 50% complete for SCC_7320_N_R1_trimmed.fastq.gz
Approx 55% complete for SCC_7320_N_R1_trimmed.fastq.gz
Approx 60% complete for SCC_7320_N_R1_trimmed.fastq.gz
Approx 65% complete for SCC_7320_N_R1_trimmed.fastq.gz
Approx 70% complete for SCC_7320_N_R1_trimmed.fastq.gz
Approx 75% complete for SCC_7320_N_R1_trimmed.fastq.gz
Approx 80% complete for SCC_7320_N_R1_trimmed.fastq.gz
Approx 85% complete for SCC_7320_N_R1_trimmed.fastq.gz
Approx 90% complete for SCC_7320_N_R1_trimmed.fastq.gz
Approx 95% complete for SCC_7320_N_R1_trimmed.fastq.gz
Started analysis of SCC_7320_N_R2_trimmed.fastq.gz
Approx 5% complete for SCC_7320_N_R2_trimmed.fastq.gz
Approx 10% complete for SCC_7320_N_R2_trimmed.fastq.gz
Approx 15% complete for SCC_7320_N_R2_trimmed.fastq.gz
Approx 20% complete for SCC_7320_N_R2_trimmed.fastq.gz
Approx 25% complete for SCC_7320_N_R2_trimmed.fastq.gz
Approx 30% complete for SCC_7320_N_R2_trimmed.fastq.gz
Approx 35% complete for SCC_7320_N_R2_trimmed.fastq.gz
Approx 40% complete for SCC_7320_N_R2_trimmed.fastq.gz
Approx 45% complete for SCC_7320_N_R2_trimmed.fastq.gz
Approx 50% complete for SCC_7320_N_R2_trimmed.fastq.gz
Approx 55% complete for SCC_7320_N_R2_trimmed.fastq.gz
Approx 60% complete for SCC_7320_N_R2_trimmed.fastq.gz
Approx 65% complete for SCC_7320_N_R2_trimmed.fastq.gz
Approx 70% complete for SCC_7320_N_R2_trimmed.fastq.gz
Approx 75% complete for SCC_7320_N_R2_trimmed.fastq.gz
Approx 80% complete for SCC_7320_N_R2_trimmed.fastq.gz
Approx 85% complete for SCC_7320_N_R2_trimmed.fastq.gz
Approx 90% complete for SCC_7320_N_R2_trimmed.fastq.gz
Approx 95% complete for SCC_7320_N_R2_trimmed.fastq.gz

[quant] fragment length distribution will be estimated from the data
[index] k-mer length: 31
[index] number of targets: 228,048
[index] number of k-mers: 140,910,530
[index] number of equivalence classes: 969,562
[quant] running in paired-end mode
[quant] will process pair 1: /tmp/output/03_trimmomatic/SCC_7320_N_R1_trimmed.fastq.gz
                             /tmp/output/03_trimmomatic/SCC_7320_N_R2_trimmed.fastq.gz
[quant] finding pseudoalignments for the reads ... done
[quant] processed 15,508,750 reads, 7,885,142 reads pseudoaligned
[quant] estimated average fragment length: 170.182
[   em] quantifying the abundances ... done
[   em] the Expectation-Maximization algorithm ran for 1,031 rounds

