Sat May 8 17:25:54 PDT 2021
##### Creating output structure #####
##### Transfering input files to scratch #####
Sat May 8 17:25:54 PDT 2021
##### QC raw reads #####
Sat May 8 17:55:54 PDT 2021
starting read 1
Trying to pull repository docker.io/biocontainers/fastqc ... 
v0.11.8dfsg-2-deb_cv1: Pulling from docker.io/biocontainers/fastqc
478cd0aa93c0: Pulling fs layer
94d6a239eb0e: Pulling fs layer
e8e87313e9cb: Pulling fs layer
1badce2e48be: Pulling fs layer
732b6ad56c57: Pulling fs layer
1badce2e48be: Waiting
f464fdba1cc8: Pulling fs layer
704733959036: Pulling fs layer
704733959036: Waiting
732b6ad56c57: Waiting
f464fdba1cc8: Waiting
e8e87313e9cb: Verifying Checksum
e8e87313e9cb: Download complete
94d6a239eb0e: Verifying Checksum
94d6a239eb0e: Download complete
732b6ad56c57: Verifying Checksum
732b6ad56c57: Download complete
1badce2e48be: Verifying Checksum
1badce2e48be: Download complete
478cd0aa93c0: Download complete
f464fdba1cc8: Verifying Checksum
f464fdba1cc8: Download complete
704733959036: Verifying Checksum
704733959036: Download complete
478cd0aa93c0: Pull complete
94d6a239eb0e: Pull complete
e8e87313e9cb: Pull complete
1badce2e48be: Pull complete
732b6ad56c57: Pull complete
f464fdba1cc8: Pull complete
704733959036: Pull complete
Digest: sha256:9d41ec0bc4f413abe9e5290c91e3edfaa215fc47e8e11df18691cfa870df6d91
Status: Image is up to date for docker.io/biocontainers/fastqc:v0.11.8dfsg-2-deb_cv1
Analysis complete for SCC_7320_GT_R1.fastq.gz
starting read 2
Analysis complete for SCC_7320_GT_R2.fastq.gz
##### Trim low qual raw reads #####
Sat May 8 18:04:57 PDT 2021
Trying to pull repository quay.io/biocontainers/trimmomatic ... 
0.39--1: Pulling from quay.io/biocontainers/trimmomatic
a3ed95caeb02: Already exists
77c6c00e8b61: Already exists
3aaade50789a: Already exists
00cf8b9f3d2a: Already exists
7ff999a2256f: Already exists
d2ba336f2e44: Already exists
dfda3e01f2b6: Already exists
a3ed95caeb02: Already exists
10c3bb32200b: Already exists
8c98ebc11095: Already exists
Digest: sha256:e1963a7190c3fa5ede49eea5e56f1bdb3e9773358d8a778ce1b47648aba39154
Status: Image is up to date for quay.io/biocontainers/trimmomatic:0.39--1
##### QC trimmed reads #####
Sat May 8 19:40:34 PDT 2021
starting read 1
Trying to pull repository docker.io/biocontainers/fastqc ... 
v0.11.8dfsg-2-deb_cv1: Pulling from docker.io/biocontainers/fastqc
Digest: sha256:9d41ec0bc4f413abe9e5290c91e3edfaa215fc47e8e11df18691cfa870df6d91
Status: Image is up to date for docker.io/biocontainers/fastqc:v0.11.8dfsg-2-deb_cv1
Analysis complete for SCC_7320_GT_R1_trimmed.fastq.gz
starting read 2
Analysis complete for SCC_7320_GT_R2_trimmed.fastq.gz
##### Quantify abundances of the transcripts - Kallisto #####
Sat May 8 19:45:33 PDT 2021
Using default tag: latest
Trying to pull repository docker.io/zlskidmore/kallisto ... 
latest: Pulling from docker.io/zlskidmore/kallisto
Digest: sha256:189fc12c535e6d9289ab312bc143d21f79ed352800425c4239fedd7cc5dcceb3
Status: Image is up to date for docker.io/zlskidmore/kallisto:latest
##### QC BAM file #####
Sat May 8 19:48:06 PDT 2021
tba
##### complete #####
Sat May 8 19:49:27 PDT 2021
