Started analysis of TESTDATA--UHR_Rep1_ERCC-Mix1_Build37-ErccTranscripts-chr22.read1.fastq.gz
Approx 5% complete for TESTDATA--UHR_Rep1_ERCC-Mix1_Build37-ErccTranscripts-chr22.read1.fastq.gz
Approx 10% complete for TESTDATA--UHR_Rep1_ERCC-Mix1_Build37-ErccTranscripts-chr22.read1.fastq.gz
Approx 15% complete for TESTDATA--UHR_Rep1_ERCC-Mix1_Build37-ErccTranscripts-chr22.read1.fastq.gz
Approx 20% complete for TESTDATA--UHR_Rep1_ERCC-Mix1_Build37-ErccTranscripts-chr22.read1.fastq.gz
Approx 25% complete for TESTDATA--UHR_Rep1_ERCC-Mix1_Build37-ErccTranscripts-chr22.read1.fastq.gz
Approx 30% complete for TESTDATA--UHR_Rep1_ERCC-Mix1_Build37-ErccTranscripts-chr22.read1.fastq.gz
Approx 35% complete for TESTDATA--UHR_Rep1_ERCC-Mix1_Build37-ErccTranscripts-chr22.read1.fastq.gz
Approx 40% complete for TESTDATA--UHR_Rep1_ERCC-Mix1_Build37-ErccTranscripts-chr22.read1.fastq.gz
Approx 45% complete for TESTDATA--UHR_Rep1_ERCC-Mix1_Build37-ErccTranscripts-chr22.read1.fastq.gz
Approx 50% complete for TESTDATA--UHR_Rep1_ERCC-Mix1_Build37-ErccTranscripts-chr22.read1.fastq.gz
Approx 55% complete for TESTDATA--UHR_Rep1_ERCC-Mix1_Build37-ErccTranscripts-chr22.read1.fastq.gz
Approx 60% complete for TESTDATA--UHR_Rep1_ERCC-Mix1_Build37-ErccTranscripts-chr22.read1.fastq.gz
Approx 65% complete for TESTDATA--UHR_Rep1_ERCC-Mix1_Build37-ErccTranscripts-chr22.read1.fastq.gz
Approx 70% complete for TESTDATA--UHR_Rep1_ERCC-Mix1_Build37-ErccTranscripts-chr22.read1.fastq.gz
Approx 75% complete for TESTDATA--UHR_Rep1_ERCC-Mix1_Build37-ErccTranscripts-chr22.read1.fastq.gz
Approx 80% complete for TESTDATA--UHR_Rep1_ERCC-Mix1_Build37-ErccTranscripts-chr22.read1.fastq.gz
Approx 85% complete for TESTDATA--UHR_Rep1_ERCC-Mix1_Build37-ErccTranscripts-chr22.read1.fastq.gz
Approx 90% complete for TESTDATA--UHR_Rep1_ERCC-Mix1_Build37-ErccTranscripts-chr22.read1.fastq.gz
Approx 95% complete for TESTDATA--UHR_Rep1_ERCC-Mix1_Build37-ErccTranscripts-chr22.read1.fastq.gz
Started analysis of TESTDATA--UHR_Rep1_ERCC-Mix1_Build37-ErccTranscripts-chr22.read2.fastq.gz
Approx 5% complete for TESTDATA--UHR_Rep1_ERCC-Mix1_Build37-ErccTranscripts-chr22.read2.fastq.gz
Approx 10% complete for TESTDATA--UHR_Rep1_ERCC-Mix1_Build37-ErccTranscripts-chr22.read2.fastq.gz
Approx 15% complete for TESTDATA--UHR_Rep1_ERCC-Mix1_Build37-ErccTranscripts-chr22.read2.fastq.gz
Approx 20% complete for TESTDATA--UHR_Rep1_ERCC-Mix1_Build37-ErccTranscripts-chr22.read2.fastq.gz
Approx 25% complete for TESTDATA--UHR_Rep1_ERCC-Mix1_Build37-ErccTranscripts-chr22.read2.fastq.gz
Approx 30% complete for TESTDATA--UHR_Rep1_ERCC-Mix1_Build37-ErccTranscripts-chr22.read2.fastq.gz
Approx 35% complete for TESTDATA--UHR_Rep1_ERCC-Mix1_Build37-ErccTranscripts-chr22.read2.fastq.gz
Approx 40% complete for TESTDATA--UHR_Rep1_ERCC-Mix1_Build37-ErccTranscripts-chr22.read2.fastq.gz
Approx 45% complete for TESTDATA--UHR_Rep1_ERCC-Mix1_Build37-ErccTranscripts-chr22.read2.fastq.gz
Approx 50% complete for TESTDATA--UHR_Rep1_ERCC-Mix1_Build37-ErccTranscripts-chr22.read2.fastq.gz
Approx 55% complete for TESTDATA--UHR_Rep1_ERCC-Mix1_Build37-ErccTranscripts-chr22.read2.fastq.gz
Approx 60% complete for TESTDATA--UHR_Rep1_ERCC-Mix1_Build37-ErccTranscripts-chr22.read2.fastq.gz
Approx 65% complete for TESTDATA--UHR_Rep1_ERCC-Mix1_Build37-ErccTranscripts-chr22.read2.fastq.gz
Approx 70% complete for TESTDATA--UHR_Rep1_ERCC-Mix1_Build37-ErccTranscripts-chr22.read2.fastq.gz
Approx 75% complete for TESTDATA--UHR_Rep1_ERCC-Mix1_Build37-ErccTranscripts-chr22.read2.fastq.gz
Approx 80% complete for TESTDATA--UHR_Rep1_ERCC-Mix1_Build37-ErccTranscripts-chr22.read2.fastq.gz
Approx 85% complete for TESTDATA--UHR_Rep1_ERCC-Mix1_Build37-ErccTranscripts-chr22.read2.fastq.gz
Approx 90% complete for TESTDATA--UHR_Rep1_ERCC-Mix1_Build37-ErccTranscripts-chr22.read2.fastq.gz
Approx 95% complete for TESTDATA--UHR_Rep1_ERCC-Mix1_Build37-ErccTranscripts-chr22.read2.fastq.gz
TrimmomaticPE: Started with arguments:
 -threads 11 -phred33 -trimlog /tmp/output/LOG_TESTDATA--UHR_Rep1_ERCC-Mix1_Build37-ErccTranscripts-chr22.txt /tmp/raw-data/TESTDATA--UHR_Rep1_ERCC-Mix1_Build37-ErccTranscripts-chr22.read1.fastq.gz /tmp/raw-data/TESTDATA--UHR_Rep1_ERCC-Mix1_Build37-ErccTranscripts-chr22.read2.fastq.gz /tmp/output/03_trimmomatic/TESTDATA--UHR_Rep1_ERCC-Mix1_Build37-ErccTranscripts-chr22.read1.fastq.gz_trimmed.fastq.gz /tmp/output/03_trimmomatic/TESTDATA--UHR_Rep1_ERCC-Mix1_Build37-ErccTranscripts-chr22.read1.fastq.gz_trimmedUNPAIRED.fastq.gz /tmp/output/03_trimmomatic/TESTDATA--UHR_Rep1_ERCC-Mix1_Build37-ErccTranscripts-chr22.read2.fastq.gz_trimmed.fastq.gz /tmp/output/03_trimmomatic/TESTDATA--UHR_Rep1_ERCC-Mix1_Build37-ErccTranscripts-chr22.read2.fastq.gz_trimmedUNPAIRED.fastq.gz LEADING:30 TRAILING:30 SLIDINGWINDOW:4:30 MINLEN:90
Input Read Pairs: 227392 Both Surviving: 109949 (48.35%) Forward Only Surviving: 34058 (14.98%) Reverse Only Surviving: 19994 (8.79%) Dropped: 63391 (27.88%)
TrimmomaticPE: Completed successfully
Started analysis of TESTDATA--UHR_Rep1_ERCC-Mix1_Build37-ErccTranscripts-chr22.read1.fastq.gz_trimmed.fastq.gz
Approx 5% complete for TESTDATA--UHR_Rep1_ERCC-Mix1_Build37-ErccTranscripts-chr22.read1.fastq.gz_trimmed.fastq.gz
Approx 10% complete for TESTDATA--UHR_Rep1_ERCC-Mix1_Build37-ErccTranscripts-chr22.read1.fastq.gz_trimmed.fastq.gz
Approx 15% complete for TESTDATA--UHR_Rep1_ERCC-Mix1_Build37-ErccTranscripts-chr22.read1.fastq.gz_trimmed.fastq.gz
Approx 20% complete for TESTDATA--UHR_Rep1_ERCC-Mix1_Build37-ErccTranscripts-chr22.read1.fastq.gz_trimmed.fastq.gz
Approx 25% complete for TESTDATA--UHR_Rep1_ERCC-Mix1_Build37-ErccTranscripts-chr22.read1.fastq.gz_trimmed.fastq.gz
Approx 30% complete for TESTDATA--UHR_Rep1_ERCC-Mix1_Build37-ErccTranscripts-chr22.read1.fastq.gz_trimmed.fastq.gz
Approx 35% complete for TESTDATA--UHR_Rep1_ERCC-Mix1_Build37-ErccTranscripts-chr22.read1.fastq.gz_trimmed.fastq.gz
Approx 40% complete for TESTDATA--UHR_Rep1_ERCC-Mix1_Build37-ErccTranscripts-chr22.read1.fastq.gz_trimmed.fastq.gz
Approx 45% complete for TESTDATA--UHR_Rep1_ERCC-Mix1_Build37-ErccTranscripts-chr22.read1.fastq.gz_trimmed.fastq.gz
Approx 50% complete for TESTDATA--UHR_Rep1_ERCC-Mix1_Build37-ErccTranscripts-chr22.read1.fastq.gz_trimmed.fastq.gz
Approx 55% complete for TESTDATA--UHR_Rep1_ERCC-Mix1_Build37-ErccTranscripts-chr22.read1.fastq.gz_trimmed.fastq.gz
Approx 60% complete for TESTDATA--UHR_Rep1_ERCC-Mix1_Build37-ErccTranscripts-chr22.read1.fastq.gz_trimmed.fastq.gz
Approx 65% complete for TESTDATA--UHR_Rep1_ERCC-Mix1_Build37-ErccTranscripts-chr22.read1.fastq.gz_trimmed.fastq.gz
Approx 70% complete for TESTDATA--UHR_Rep1_ERCC-Mix1_Build37-ErccTranscripts-chr22.read1.fastq.gz_trimmed.fastq.gz
Approx 75% complete for TESTDATA--UHR_Rep1_ERCC-Mix1_Build37-ErccTranscripts-chr22.read1.fastq.gz_trimmed.fastq.gz
Approx 80% complete for TESTDATA--UHR_Rep1_ERCC-Mix1_Build37-ErccTranscripts-chr22.read1.fastq.gz_trimmed.fastq.gz
Approx 85% complete for TESTDATA--UHR_Rep1_ERCC-Mix1_Build37-ErccTranscripts-chr22.read1.fastq.gz_trimmed.fastq.gz
Approx 90% complete for TESTDATA--UHR_Rep1_ERCC-Mix1_Build37-ErccTranscripts-chr22.read1.fastq.gz_trimmed.fastq.gz
Approx 95% complete for TESTDATA--UHR_Rep1_ERCC-Mix1_Build37-ErccTranscripts-chr22.read1.fastq.gz_trimmed.fastq.gz
Started analysis of TESTDATA--UHR_Rep1_ERCC-Mix1_Build37-ErccTranscripts-chr22.read2.fastq.gz_trimmed.fastq.gz
Approx 5% complete for TESTDATA--UHR_Rep1_ERCC-Mix1_Build37-ErccTranscripts-chr22.read2.fastq.gz_trimmed.fastq.gz
Approx 10% complete for TESTDATA--UHR_Rep1_ERCC-Mix1_Build37-ErccTranscripts-chr22.read2.fastq.gz_trimmed.fastq.gz
Approx 15% complete for TESTDATA--UHR_Rep1_ERCC-Mix1_Build37-ErccTranscripts-chr22.read2.fastq.gz_trimmed.fastq.gz
Approx 20% complete for TESTDATA--UHR_Rep1_ERCC-Mix1_Build37-ErccTranscripts-chr22.read2.fastq.gz_trimmed.fastq.gz
Approx 25% complete for TESTDATA--UHR_Rep1_ERCC-Mix1_Build37-ErccTranscripts-chr22.read2.fastq.gz_trimmed.fastq.gz
Approx 30% complete for TESTDATA--UHR_Rep1_ERCC-Mix1_Build37-ErccTranscripts-chr22.read2.fastq.gz_trimmed.fastq.gz
Approx 35% complete for TESTDATA--UHR_Rep1_ERCC-Mix1_Build37-ErccTranscripts-chr22.read2.fastq.gz_trimmed.fastq.gz
Approx 40% complete for TESTDATA--UHR_Rep1_ERCC-Mix1_Build37-ErccTranscripts-chr22.read2.fastq.gz_trimmed.fastq.gz
Approx 45% complete for TESTDATA--UHR_Rep1_ERCC-Mix1_Build37-ErccTranscripts-chr22.read2.fastq.gz_trimmed.fastq.gz
Approx 50% complete for TESTDATA--UHR_Rep1_ERCC-Mix1_Build37-ErccTranscripts-chr22.read2.fastq.gz_trimmed.fastq.gz
Approx 55% complete for TESTDATA--UHR_Rep1_ERCC-Mix1_Build37-ErccTranscripts-chr22.read2.fastq.gz_trimmed.fastq.gz
Approx 60% complete for TESTDATA--UHR_Rep1_ERCC-Mix1_Build37-ErccTranscripts-chr22.read2.fastq.gz_trimmed.fastq.gz
Approx 65% complete for TESTDATA--UHR_Rep1_ERCC-Mix1_Build37-ErccTranscripts-chr22.read2.fastq.gz_trimmed.fastq.gz
Approx 70% complete for TESTDATA--UHR_Rep1_ERCC-Mix1_Build37-ErccTranscripts-chr22.read2.fastq.gz_trimmed.fastq.gz
Approx 75% complete for TESTDATA--UHR_Rep1_ERCC-Mix1_Build37-ErccTranscripts-chr22.read2.fastq.gz_trimmed.fastq.gz
Approx 80% complete for TESTDATA--UHR_Rep1_ERCC-Mix1_Build37-ErccTranscripts-chr22.read2.fastq.gz_trimmed.fastq.gz
Approx 85% complete for TESTDATA--UHR_Rep1_ERCC-Mix1_Build37-ErccTranscripts-chr22.read2.fastq.gz_trimmed.fastq.gz
Approx 90% complete for TESTDATA--UHR_Rep1_ERCC-Mix1_Build37-ErccTranscripts-chr22.read2.fastq.gz_trimmed.fastq.gz
Approx 95% complete for TESTDATA--UHR_Rep1_ERCC-Mix1_Build37-ErccTranscripts-chr22.read2.fastq.gz_trimmed.fastq.gz

ERROR: invalid parameter: '/tmp/output/06_star/mapped/TESTDATA--UHR_Rep1_ERCC-Mix1_Build37-ErccTranscripts-chr22_mapped-unsorted.bam'

