mkdir: cannot create directory ‘/mnt/scratch/5420’: File exists
Skipping '/tmp/raw-data/P2000996_02292020/FASTQ/SCC_7319_N_R1.fastq.gz' which didn't exist, or couldn't be read
Skipping '/tmp/raw-data/P2000996_02292020/FASTQ/SCC_7319_N_R2.fastq.gz' which didn't exist, or couldn't be read
TrimmomaticPE: Started with arguments:
 -threads 5 -phred33 -trimlog /tmp/output/03_trimmomatic/LOG_SCC_7319_N.txt /tmp/raw-data/P2000996_02292020/FASTQ/SCC_7319_N_R1.fastq.gz /tmp/raw-data/P2000996_02292020/FASTQ/SCC_7319_N_R2.fastq.gz /tmp/output/03_trimmomatic/SCC_7319_N_R1_trimmed.fastq.gz /tmp/output/03_trimmomatic/SCC_7319_N_R1_trimmedUNPAIRED.fastq.gz /tmp/output/03_trimmomatic/SCC_7319_N_R2_trimmed.fastq.gz /tmp/output/03_trimmomatic/SCC_7319_N_R2_trimmedUNPAIRED.fastq.gz LEADING:30 TRAILING:30 SLIDINGWINDOW:4:30 MINLEN:90
Exception in thread "main" java.io.FileNotFoundException: /tmp/raw-data/P2000996_02292020/FASTQ/SCC_7319_N_R1.fastq.gz (No such file or directory)
	at java.base/java.io.FileInputStream.open0(Native Method)
	at java.base/java.io.FileInputStream.open(FileInputStream.java:219)
	at java.base/java.io.FileInputStream.<init>(FileInputStream.java:157)
	at org.usadellab.trimmomatic.fastq.FastqParser.parse(FastqParser.java:135)
	at org.usadellab.trimmomatic.TrimmomaticPE.process(TrimmomaticPE.java:265)
	at org.usadellab.trimmomatic.TrimmomaticPE.run(TrimmomaticPE.java:555)
	at org.usadellab.trimmomatic.Trimmomatic.main(Trimmomatic.java:80)
Skipping '/tmp/output/03_trimmomatic/SCC_7319_N_R1_trimmed.fastq.gz' which didn't exist, or couldn't be read
Skipping '/tmp/output/03_trimmomatic/SCC_7319_N_R2_trimmed.fastq.gz' which didn't exist, or couldn't be read
gzip: /tmp/output/03_trimmomatic/SCC_7319_N_R1_trimmed.fastq.gz: No such file or directory
gzip: /tmp/output/03_trimmomatic/SCC_7319_N_R2_trimmed.fastq.gz: No such file or directory

        ==========     _____ _    _ ____  _____  ______          _____  
        =====         / ____| |  | |  _ \|  __ \|  ____|   /\   |  __ \ 
          =====      | (___ | |  | | |_) | |__) | |__     /  \  | |  | |
            ====      \___ \| |  | |  _ <|  _  /|  __|   / /\ \ | |  | |
              ====    ____) | |__| | |_) | | \ \| |____ / ____ \| |__| |
        ==========   |_____/ \____/|____/|_|  \_\______/_/    \_\_____/
	  v1.5.2

//========================== featureCounts setting ===========================\\
||                                                                            ||
||             Input files : 1 BAM file                                       ||
||                           S /tmp/output/06_star/SCC_7319_N_mapped-unso ... ||
||                                                                            ||
||             Output file : /tmp/output/07_ct_matrices/SCC_7319_N_prelim ... ||
||                 Summary : /tmp/output/07_ct_matrices/SCC_7319_N_prelim ... ||
||              Annotation : /tmp/raw-data/reference_files/TEMP-ref.gtf ( ... ||
||      Assignment details : <input_file>.featureCounts                       ||
||                      (Note that files are saved to the output directory)   ||
||                                                                            ||
||      Dir for temp files : /tmp/output/07_ct_matrices                       ||
||                                                                            ||
||                 Threads : 5                                                ||
||                   Level : meta-feature level                               ||
||              Paired-end : yes                                              ||
||         Strand specific : stranded                                         ||
||      Multimapping reads : not counted                                      ||
|| Multi-overlapping reads : not counted                                      ||
||   Min overlapping bases : 1                                                ||
||                                                                            ||
||          Chimeric reads : counted                                          ||
||        Both ends mapped : not required                                     ||
||                                                                            ||
\\===================== http://subread.sourceforge.net/ ======================//

//================================= Running ==================================\\
||                                                                            ||
|| Load annotation file /tmp/raw-data/reference_files/TEMP-ref.gtf ...        ||
||    Features : 1371695                                                      ||
||    Meta-features : 60623                                                   ||
||    Chromosomes/contigs : 47                                                ||
||                                                                            ||
|| Process BAM file /tmp/output/06_star/SCC_7319_N_mapped-unsortedAligned ... ||
||    Single-end reads are included.                                          ||
||    Assign reads to features...                                             ||
||    Total reads : 0                                                         ||
||    Successfully assigned reads : 0                                         ||
||    Running time : 0.00 minutes                                             ||
||                                                                            ||
||                         Read assignment finished.                          ||
||                                                                            ||
|| Summary of counting results can be found in file "/tmp/output/07_ct_matri  ||
|| ces/SCC_7319_N_prelim_COUNTmatrix.txt"                                     ||
||                                                                            ||
\\===================== http://subread.sourceforge.net/ ======================//

