Started analysis of TESTDATA--UHR_Rep1_ERCC-Mix1_Build37-ErccTranscripts-chr22.read1.fastq.gz
Approx 5% complete for TESTDATA--UHR_Rep1_ERCC-Mix1_Build37-ErccTranscripts-chr22.read1.fastq.gz
Approx 10% complete for TESTDATA--UHR_Rep1_ERCC-Mix1_Build37-ErccTranscripts-chr22.read1.fastq.gz
Approx 15% complete for TESTDATA--UHR_Rep1_ERCC-Mix1_Build37-ErccTranscripts-chr22.read1.fastq.gz
Approx 20% complete for TESTDATA--UHR_Rep1_ERCC-Mix1_Build37-ErccTranscripts-chr22.read1.fastq.gz
Approx 25% complete for TESTDATA--UHR_Rep1_ERCC-Mix1_Build37-ErccTranscripts-chr22.read1.fastq.gz
Approx 30% complete for TESTDATA--UHR_Rep1_ERCC-Mix1_Build37-ErccTranscripts-chr22.read1.fastq.gz
Approx 35% complete for TESTDATA--UHR_Rep1_ERCC-Mix1_Build37-ErccTranscripts-chr22.read1.fastq.gz
Approx 40% complete for TESTDATA--UHR_Rep1_ERCC-Mix1_Build37-ErccTranscripts-chr22.read1.fastq.gz
Approx 45% complete for TESTDATA--UHR_Rep1_ERCC-Mix1_Build37-ErccTranscripts-chr22.read1.fastq.gz
Approx 50% complete for TESTDATA--UHR_Rep1_ERCC-Mix1_Build37-ErccTranscripts-chr22.read1.fastq.gz
Approx 55% complete for TESTDATA--UHR_Rep1_ERCC-Mix1_Build37-ErccTranscripts-chr22.read1.fastq.gz
Approx 60% complete for TESTDATA--UHR_Rep1_ERCC-Mix1_Build37-ErccTranscripts-chr22.read1.fastq.gz
Approx 65% complete for TESTDATA--UHR_Rep1_ERCC-Mix1_Build37-ErccTranscripts-chr22.read1.fastq.gz
Approx 70% complete for TESTDATA--UHR_Rep1_ERCC-Mix1_Build37-ErccTranscripts-chr22.read1.fastq.gz
Approx 75% complete for TESTDATA--UHR_Rep1_ERCC-Mix1_Build37-ErccTranscripts-chr22.read1.fastq.gz
Approx 80% complete for TESTDATA--UHR_Rep1_ERCC-Mix1_Build37-ErccTranscripts-chr22.read1.fastq.gz
Approx 85% complete for TESTDATA--UHR_Rep1_ERCC-Mix1_Build37-ErccTranscripts-chr22.read1.fastq.gz
Approx 90% complete for TESTDATA--UHR_Rep1_ERCC-Mix1_Build37-ErccTranscripts-chr22.read1.fastq.gz
Approx 95% complete for TESTDATA--UHR_Rep1_ERCC-Mix1_Build37-ErccTranscripts-chr22.read1.fastq.gz
Started analysis of TESTDATA--UHR_Rep1_ERCC-Mix1_Build37-ErccTranscripts-chr22.read2.fastq.gz
Approx 5% complete for TESTDATA--UHR_Rep1_ERCC-Mix1_Build37-ErccTranscripts-chr22.read2.fastq.gz
Approx 10% complete for TESTDATA--UHR_Rep1_ERCC-Mix1_Build37-ErccTranscripts-chr22.read2.fastq.gz
Approx 15% complete for TESTDATA--UHR_Rep1_ERCC-Mix1_Build37-ErccTranscripts-chr22.read2.fastq.gz
Approx 20% complete for TESTDATA--UHR_Rep1_ERCC-Mix1_Build37-ErccTranscripts-chr22.read2.fastq.gz
Approx 25% complete for TESTDATA--UHR_Rep1_ERCC-Mix1_Build37-ErccTranscripts-chr22.read2.fastq.gz
Approx 30% complete for TESTDATA--UHR_Rep1_ERCC-Mix1_Build37-ErccTranscripts-chr22.read2.fastq.gz
Approx 35% complete for TESTDATA--UHR_Rep1_ERCC-Mix1_Build37-ErccTranscripts-chr22.read2.fastq.gz
Approx 40% complete for TESTDATA--UHR_Rep1_ERCC-Mix1_Build37-ErccTranscripts-chr22.read2.fastq.gz
Approx 45% complete for TESTDATA--UHR_Rep1_ERCC-Mix1_Build37-ErccTranscripts-chr22.read2.fastq.gz
Approx 50% complete for TESTDATA--UHR_Rep1_ERCC-Mix1_Build37-ErccTranscripts-chr22.read2.fastq.gz
Approx 55% complete for TESTDATA--UHR_Rep1_ERCC-Mix1_Build37-ErccTranscripts-chr22.read2.fastq.gz
Approx 60% complete for TESTDATA--UHR_Rep1_ERCC-Mix1_Build37-ErccTranscripts-chr22.read2.fastq.gz
Approx 65% complete for TESTDATA--UHR_Rep1_ERCC-Mix1_Build37-ErccTranscripts-chr22.read2.fastq.gz
Approx 70% complete for TESTDATA--UHR_Rep1_ERCC-Mix1_Build37-ErccTranscripts-chr22.read2.fastq.gz
Approx 75% complete for TESTDATA--UHR_Rep1_ERCC-Mix1_Build37-ErccTranscripts-chr22.read2.fastq.gz
Approx 80% complete for TESTDATA--UHR_Rep1_ERCC-Mix1_Build37-ErccTranscripts-chr22.read2.fastq.gz
Approx 85% complete for TESTDATA--UHR_Rep1_ERCC-Mix1_Build37-ErccTranscripts-chr22.read2.fastq.gz
Approx 90% complete for TESTDATA--UHR_Rep1_ERCC-Mix1_Build37-ErccTranscripts-chr22.read2.fastq.gz
Approx 95% complete for TESTDATA--UHR_Rep1_ERCC-Mix1_Build37-ErccTranscripts-chr22.read2.fastq.gz
TrimmomaticPE: Started with arguments:
 -threads 1 -phred33 -trimlog /tmp/output/03_trimmomatic/LOG_TESTDATA--UHR_Rep1_ERCC-Mix1_Build37-ErccTranscripts-chr22.txt /tmp/raw-data/TESTDATA--UHR_Rep1_ERCC-Mix1_Build37-ErccTranscripts-chr22.read1.fastq.gz /tmp/raw-data/TESTDATA--UHR_Rep1_ERCC-Mix1_Build37-ErccTranscripts-chr22.read2.fastq.gz /tmp/output/03_trimmomatic/TESTDATA--UHR_Rep1_ERCC-Mix1_Build37-ErccTranscripts-chr22_R1_trimmed.fastq.gz /tmp/output/03_trimmomatic/TESTDATA--UHR_Rep1_ERCC-Mix1_Build37-ErccTranscripts-chr22_R1_trimmedUNPAIRED.fastq.gz /tmp/output/03_trimmomatic/TESTDATA--UHR_Rep1_ERCC-Mix1_Build37-ErccTranscripts-chr22_R2_trimmed.fastq.gz /tmp/output/03_trimmomatic/TESTDATA--UHR_Rep1_ERCC-Mix1_Build37-ErccTranscripts-chr22_R2_trimmedUNPAIRED.fastq.gz LEADING:30 TRAILING:30 SLIDINGWINDOW:4:30 MINLEN:90
Input Read Pairs: 227392 Both Surviving: 109949 (48.35%) Forward Only Surviving: 34058 (14.98%) Reverse Only Surviving: 19994 (8.79%) Dropped: 63391 (27.88%)
TrimmomaticPE: Completed successfully
Started analysis of TESTDATA--UHR_Rep1_ERCC-Mix1_Build37-ErccTranscripts-chr22_R1_trimmed.fastq.gz
Approx 5% complete for TESTDATA--UHR_Rep1_ERCC-Mix1_Build37-ErccTranscripts-chr22_R1_trimmed.fastq.gz
Approx 10% complete for TESTDATA--UHR_Rep1_ERCC-Mix1_Build37-ErccTranscripts-chr22_R1_trimmed.fastq.gz
Approx 15% complete for TESTDATA--UHR_Rep1_ERCC-Mix1_Build37-ErccTranscripts-chr22_R1_trimmed.fastq.gz
Approx 20% complete for TESTDATA--UHR_Rep1_ERCC-Mix1_Build37-ErccTranscripts-chr22_R1_trimmed.fastq.gz
Approx 25% complete for TESTDATA--UHR_Rep1_ERCC-Mix1_Build37-ErccTranscripts-chr22_R1_trimmed.fastq.gz
Approx 30% complete for TESTDATA--UHR_Rep1_ERCC-Mix1_Build37-ErccTranscripts-chr22_R1_trimmed.fastq.gz
Approx 35% complete for TESTDATA--UHR_Rep1_ERCC-Mix1_Build37-ErccTranscripts-chr22_R1_trimmed.fastq.gz
Approx 40% complete for TESTDATA--UHR_Rep1_ERCC-Mix1_Build37-ErccTranscripts-chr22_R1_trimmed.fastq.gz
Approx 45% complete for TESTDATA--UHR_Rep1_ERCC-Mix1_Build37-ErccTranscripts-chr22_R1_trimmed.fastq.gz
Approx 50% complete for TESTDATA--UHR_Rep1_ERCC-Mix1_Build37-ErccTranscripts-chr22_R1_trimmed.fastq.gz
Approx 55% complete for TESTDATA--UHR_Rep1_ERCC-Mix1_Build37-ErccTranscripts-chr22_R1_trimmed.fastq.gz
Approx 60% complete for TESTDATA--UHR_Rep1_ERCC-Mix1_Build37-ErccTranscripts-chr22_R1_trimmed.fastq.gz
Approx 65% complete for TESTDATA--UHR_Rep1_ERCC-Mix1_Build37-ErccTranscripts-chr22_R1_trimmed.fastq.gz
Approx 70% complete for TESTDATA--UHR_Rep1_ERCC-Mix1_Build37-ErccTranscripts-chr22_R1_trimmed.fastq.gz
Approx 75% complete for TESTDATA--UHR_Rep1_ERCC-Mix1_Build37-ErccTranscripts-chr22_R1_trimmed.fastq.gz
Approx 80% complete for TESTDATA--UHR_Rep1_ERCC-Mix1_Build37-ErccTranscripts-chr22_R1_trimmed.fastq.gz
Approx 85% complete for TESTDATA--UHR_Rep1_ERCC-Mix1_Build37-ErccTranscripts-chr22_R1_trimmed.fastq.gz
Approx 90% complete for TESTDATA--UHR_Rep1_ERCC-Mix1_Build37-ErccTranscripts-chr22_R1_trimmed.fastq.gz
Approx 95% complete for TESTDATA--UHR_Rep1_ERCC-Mix1_Build37-ErccTranscripts-chr22_R1_trimmed.fastq.gz
Started analysis of TESTDATA--UHR_Rep1_ERCC-Mix1_Build37-ErccTranscripts-chr22_R2_trimmed.fastq.gz
Approx 5% complete for TESTDATA--UHR_Rep1_ERCC-Mix1_Build37-ErccTranscripts-chr22_R2_trimmed.fastq.gz
Approx 10% complete for TESTDATA--UHR_Rep1_ERCC-Mix1_Build37-ErccTranscripts-chr22_R2_trimmed.fastq.gz
Approx 15% complete for TESTDATA--UHR_Rep1_ERCC-Mix1_Build37-ErccTranscripts-chr22_R2_trimmed.fastq.gz
Approx 20% complete for TESTDATA--UHR_Rep1_ERCC-Mix1_Build37-ErccTranscripts-chr22_R2_trimmed.fastq.gz
Approx 25% complete for TESTDATA--UHR_Rep1_ERCC-Mix1_Build37-ErccTranscripts-chr22_R2_trimmed.fastq.gz
Approx 30% complete for TESTDATA--UHR_Rep1_ERCC-Mix1_Build37-ErccTranscripts-chr22_R2_trimmed.fastq.gz
Approx 35% complete for TESTDATA--UHR_Rep1_ERCC-Mix1_Build37-ErccTranscripts-chr22_R2_trimmed.fastq.gz
Approx 40% complete for TESTDATA--UHR_Rep1_ERCC-Mix1_Build37-ErccTranscripts-chr22_R2_trimmed.fastq.gz
Approx 45% complete for TESTDATA--UHR_Rep1_ERCC-Mix1_Build37-ErccTranscripts-chr22_R2_trimmed.fastq.gz
Approx 50% complete for TESTDATA--UHR_Rep1_ERCC-Mix1_Build37-ErccTranscripts-chr22_R2_trimmed.fastq.gz
Approx 55% complete for TESTDATA--UHR_Rep1_ERCC-Mix1_Build37-ErccTranscripts-chr22_R2_trimmed.fastq.gz
Approx 60% complete for TESTDATA--UHR_Rep1_ERCC-Mix1_Build37-ErccTranscripts-chr22_R2_trimmed.fastq.gz
Approx 65% complete for TESTDATA--UHR_Rep1_ERCC-Mix1_Build37-ErccTranscripts-chr22_R2_trimmed.fastq.gz
Approx 70% complete for TESTDATA--UHR_Rep1_ERCC-Mix1_Build37-ErccTranscripts-chr22_R2_trimmed.fastq.gz
Approx 75% complete for TESTDATA--UHR_Rep1_ERCC-Mix1_Build37-ErccTranscripts-chr22_R2_trimmed.fastq.gz
Approx 80% complete for TESTDATA--UHR_Rep1_ERCC-Mix1_Build37-ErccTranscripts-chr22_R2_trimmed.fastq.gz
Approx 85% complete for TESTDATA--UHR_Rep1_ERCC-Mix1_Build37-ErccTranscripts-chr22_R2_trimmed.fastq.gz
Approx 90% complete for TESTDATA--UHR_Rep1_ERCC-Mix1_Build37-ErccTranscripts-chr22_R2_trimmed.fastq.gz
Approx 95% complete for TESTDATA--UHR_Rep1_ERCC-Mix1_Build37-ErccTranscripts-chr22_R2_trimmed.fastq.gz

        ==========     _____ _    _ ____  _____  ______          _____  
        =====         / ____| |  | |  _ \|  __ \|  ____|   /\   |  __ \ 
          =====      | (___ | |  | | |_) | |__) | |__     /  \  | |  | |
            ====      \___ \| |  | |  _ <|  _  /|  __|   / /\ \ | |  | |
              ====    ____) | |__| | |_) | | \ \| |____ / ____ \| |__| |
        ==========   |_____/ \____/|____/|_|  \_\______/_/    \_\_____/
	  v1.5.2

//========================== featureCounts setting ===========================\\
||                                                                            ||
||             Input files : 1 BAM file                                       ||
||                           P /tmp/output/06_star/TESTDATA--UHR_Rep1_ERC ... ||
||                                                                            ||
||             Output file : /tmp/output/07_ct_matrices/TESTDATA--UHR_Rep ... ||
||                 Summary : /tmp/output/07_ct_matrices/TESTDATA--UHR_Rep ... ||
||              Annotation : /tmp/raw-data/reference_files/TEMP-ref.gtf ( ... ||
||      Assignment details : <input_file>.featureCounts                       ||
||                      (Note that files are saved to the output directory)   ||
||                                                                            ||
||      Dir for temp files : /tmp/output/07_ct_matrices                       ||
||                                                                            ||
||                 Threads : 1                                                ||
||                   Level : meta-feature level                               ||
||              Paired-end : no                                               ||
||         Strand specific : stranded                                         ||
||      Multimapping reads : not counted                                      ||
|| Multi-overlapping reads : not counted                                      ||
||   Min overlapping bases : 1                                                ||
||                                                                            ||
\\===================== http://subread.sourceforge.net/ ======================//

//================================= Running ==================================\\
||                                                                            ||
|| Load annotation file /tmp/raw-data/reference_files/TEMP-ref.gtf ...        ||
||    Features : 1371695                                                      ||
||    Meta-features : 60623                                                   ||
||    Chromosomes/contigs : 47                                                ||
||                                                                            ||
|| Process BAM file /tmp/output/06_star/TESTDATA--UHR_Rep1_ERCC-Mix1_Buil ... ||
||    Paired-end reads are included.                                          ||
||    Assign reads to features...                                             ||
||    Total reads : 107600                                                    ||
||    Successfully assigned reads : 30225 (28.1%)                             ||
||    Running time : 0.01 minutes                                             ||
||                                                                            ||
||                         Read assignment finished.                          ||
||                                                                            ||
|| Summary of counting results can be found in file "/tmp/output/07_ct_matri  ||
|| ces/TESTDATA--UHR_Rep1_ERCC-Mix1_Build37-ErccTranscripts-chr22_prelim_COU  ||
|| NTmatrix.txt"                                                              ||
||                                                                            ||
\\===================== http://subread.sourceforge.net/ ======================//

