mkdir: cannot create directory ‘/mnt/scratch/5420’: File exists
mkdir: cannot create directory ‘/mnt/scratch/5420/patient_7319_B2’: File exists
mkdir: cannot create directory ‘/mnt/scratch/5420/patient_7319_B2/output’: File exists
mkdir: cannot create directory ‘/mnt/scratch/5420/patient_7319_B2/output/02a_fastqc’: File exists
mkdir: cannot create directory ‘/mnt/scratch/5420/patient_7319_B2/output/03_trimmomatic’: File exists
mkdir: cannot create directory ‘/mnt/scratch/5420/patient_7319_B2/output/04_fastqc-trimmed’: File exists
mkdir: cannot create directory ‘/mnt/scratch/5420/patient_7319_B2/output/05_kallisto’: File exists
Started analysis of SCC_7319_B2_R1.fastq.gz
Approx 5% complete for SCC_7319_B2_R1.fastq.gz
Approx 10% complete for SCC_7319_B2_R1.fastq.gz
Approx 15% complete for SCC_7319_B2_R1.fastq.gz
Approx 20% complete for SCC_7319_B2_R1.fastq.gz
Approx 25% complete for SCC_7319_B2_R1.fastq.gz
Approx 30% complete for SCC_7319_B2_R1.fastq.gz
Approx 35% complete for SCC_7319_B2_R1.fastq.gz
Approx 40% complete for SCC_7319_B2_R1.fastq.gz
Approx 45% complete for SCC_7319_B2_R1.fastq.gz
Approx 50% complete for SCC_7319_B2_R1.fastq.gz
Approx 55% complete for SCC_7319_B2_R1.fastq.gz
Approx 60% complete for SCC_7319_B2_R1.fastq.gz
Approx 65% complete for SCC_7319_B2_R1.fastq.gz
Approx 70% complete for SCC_7319_B2_R1.fastq.gz
Approx 75% complete for SCC_7319_B2_R1.fastq.gz
Approx 80% complete for SCC_7319_B2_R1.fastq.gz
Approx 85% complete for SCC_7319_B2_R1.fastq.gz
Approx 90% complete for SCC_7319_B2_R1.fastq.gz
Approx 95% complete for SCC_7319_B2_R1.fastq.gz
Started analysis of SCC_7319_B2_R2.fastq.gz
Approx 5% complete for SCC_7319_B2_R2.fastq.gz
Approx 10% complete for SCC_7319_B2_R2.fastq.gz
Approx 15% complete for SCC_7319_B2_R2.fastq.gz
Approx 20% complete for SCC_7319_B2_R2.fastq.gz
Approx 25% complete for SCC_7319_B2_R2.fastq.gz
Approx 30% complete for SCC_7319_B2_R2.fastq.gz
Approx 35% complete for SCC_7319_B2_R2.fastq.gz
Approx 40% complete for SCC_7319_B2_R2.fastq.gz
Approx 45% complete for SCC_7319_B2_R2.fastq.gz
Approx 50% complete for SCC_7319_B2_R2.fastq.gz
Approx 55% complete for SCC_7319_B2_R2.fastq.gz
Approx 60% complete for SCC_7319_B2_R2.fastq.gz
Approx 65% complete for SCC_7319_B2_R2.fastq.gz
Approx 70% complete for SCC_7319_B2_R2.fastq.gz
Approx 75% complete for SCC_7319_B2_R2.fastq.gz
Approx 80% complete for SCC_7319_B2_R2.fastq.gz
Approx 85% complete for SCC_7319_B2_R2.fastq.gz
Approx 90% complete for SCC_7319_B2_R2.fastq.gz
Approx 95% complete for SCC_7319_B2_R2.fastq.gz
TrimmomaticPE: Started with arguments:
 -threads 5 -phred33 -trimlog /tmp/output/03_trimmomatic/LOG_SCC_7319_B2.txt /tmp/raw-data/P2000996_02292020/FASTQ/SCC_7319_B2_R1.fastq.gz /tmp/raw-data/P2000996_02292020/FASTQ/SCC_7319_B2_R2.fastq.gz /tmp/output/03_trimmomatic/SCC_7319_B2_R1_trimmed.fastq.gz /tmp/output/03_trimmomatic/SCC_7319_B2_R1_trimmedUNPAIRED.fastq.gz /tmp/output/03_trimmomatic/SCC_7319_B2_R2_trimmed.fastq.gz /tmp/output/03_trimmomatic/SCC_7319_B2_R2_trimmedUNPAIRED.fastq.gz LEADING:30 TRAILING:30 SLIDINGWINDOW:4:30 MINLEN:90
Input Read Pairs: 22556354 Both Surviving: 14739896 (65.35%) Forward Only Surviving: 3227120 (14.31%) Reverse Only Surviving: 1665375 (7.38%) Dropped: 2923963 (12.96%)
TrimmomaticPE: Completed successfully
Started analysis of SCC_7319_B2_R1_trimmed.fastq.gz
Approx 5% complete for SCC_7319_B2_R1_trimmed.fastq.gz
Approx 10% complete for SCC_7319_B2_R1_trimmed.fastq.gz
Approx 15% complete for SCC_7319_B2_R1_trimmed.fastq.gz
Approx 20% complete for SCC_7319_B2_R1_trimmed.fastq.gz
Approx 25% complete for SCC_7319_B2_R1_trimmed.fastq.gz
Approx 30% complete for SCC_7319_B2_R1_trimmed.fastq.gz
Approx 35% complete for SCC_7319_B2_R1_trimmed.fastq.gz
Approx 40% complete for SCC_7319_B2_R1_trimmed.fastq.gz
Approx 45% complete for SCC_7319_B2_R1_trimmed.fastq.gz
Approx 50% complete for SCC_7319_B2_R1_trimmed.fastq.gz
Approx 55% complete for SCC_7319_B2_R1_trimmed.fastq.gz
Approx 60% complete for SCC_7319_B2_R1_trimmed.fastq.gz
Approx 65% complete for SCC_7319_B2_R1_trimmed.fastq.gz
Approx 70% complete for SCC_7319_B2_R1_trimmed.fastq.gz
Approx 75% complete for SCC_7319_B2_R1_trimmed.fastq.gz
Approx 80% complete for SCC_7319_B2_R1_trimmed.fastq.gz
Approx 85% complete for SCC_7319_B2_R1_trimmed.fastq.gz
Approx 90% complete for SCC_7319_B2_R1_trimmed.fastq.gz
Approx 95% complete for SCC_7319_B2_R1_trimmed.fastq.gz
Started analysis of SCC_7319_B2_R2_trimmed.fastq.gz
Approx 5% complete for SCC_7319_B2_R2_trimmed.fastq.gz
Approx 10% complete for SCC_7319_B2_R2_trimmed.fastq.gz
Approx 15% complete for SCC_7319_B2_R2_trimmed.fastq.gz
Approx 20% complete for SCC_7319_B2_R2_trimmed.fastq.gz
Approx 25% complete for SCC_7319_B2_R2_trimmed.fastq.gz
Approx 30% complete for SCC_7319_B2_R2_trimmed.fastq.gz
Approx 35% complete for SCC_7319_B2_R2_trimmed.fastq.gz
Approx 40% complete for SCC_7319_B2_R2_trimmed.fastq.gz
Approx 45% complete for SCC_7319_B2_R2_trimmed.fastq.gz
Approx 50% complete for SCC_7319_B2_R2_trimmed.fastq.gz
Approx 55% complete for SCC_7319_B2_R2_trimmed.fastq.gz
Approx 60% complete for SCC_7319_B2_R2_trimmed.fastq.gz
Approx 65% complete for SCC_7319_B2_R2_trimmed.fastq.gz
Approx 70% complete for SCC_7319_B2_R2_trimmed.fastq.gz
Approx 75% complete for SCC_7319_B2_R2_trimmed.fastq.gz
Approx 80% complete for SCC_7319_B2_R2_trimmed.fastq.gz
Approx 85% complete for SCC_7319_B2_R2_trimmed.fastq.gz
Approx 90% complete for SCC_7319_B2_R2_trimmed.fastq.gz
Approx 95% complete for SCC_7319_B2_R2_trimmed.fastq.gz

Error: kallisto index file not found transcripts_kallisto.idx

