##### Creating output structure #####
##### Transfering input files to scratch #####
##### QC raw reads #####
starting read 1
Trying to pull repository docker.io/biocontainers/fastqc ... 
v0.11.8dfsg-2-deb_cv1: Pulling from docker.io/biocontainers/fastqc
Digest: sha256:9d41ec0bc4f413abe9e5290c91e3edfaa215fc47e8e11df18691cfa870df6d91
Status: Image is up to date for docker.io/biocontainers/fastqc:v0.11.8dfsg-2-deb_cv1
Analysis complete for SCC_7319_B2_R1.fastq.gz
starting read 2
Analysis complete for SCC_7319_B2_R2.fastq.gz
##### Trim low qual raw reads #####
Trying to pull repository quay.io/biocontainers/trimmomatic ... 
0.39--1: Pulling from quay.io/biocontainers/trimmomatic
a3ed95caeb02: Already exists
77c6c00e8b61: Already exists
3aaade50789a: Already exists
00cf8b9f3d2a: Already exists
7ff999a2256f: Already exists
d2ba336f2e44: Already exists
dfda3e01f2b6: Already exists
a3ed95caeb02: Already exists
10c3bb32200b: Already exists
8c98ebc11095: Already exists
Digest: sha256:e1963a7190c3fa5ede49eea5e56f1bdb3e9773358d8a778ce1b47648aba39154
Status: Image is up to date for quay.io/biocontainers/trimmomatic:0.39--1
##### QC trimmed reads #####
starting read 1
Trying to pull repository docker.io/biocontainers/fastqc ... 
v0.11.8dfsg-2-deb_cv1: Pulling from docker.io/biocontainers/fastqc
Digest: sha256:9d41ec0bc4f413abe9e5290c91e3edfaa215fc47e8e11df18691cfa870df6d91
Status: Image is up to date for docker.io/biocontainers/fastqc:v0.11.8dfsg-2-deb_cv1
Analysis complete for SCC_7319_B2_R1_trimmed.fastq.gz
starting read 2
Analysis complete for SCC_7319_B2_R2_trimmed.fastq.gz
##### Quantify abundances of the transcripts - Kallisto #####
Using default tag: latest
Trying to pull repository docker.io/zlskidmore/kallisto ... 
latest: Pulling from docker.io/zlskidmore/kallisto
6abc03819f3e: Pulling fs layer
05731e63f211: Pulling fs layer
0bd67c50d6be: Pulling fs layer
22baa802233c: Pulling fs layer
a05f035593a8: Pulling fs layer
5ec8eb8d55c2: Pulling fs layer
48785e0b9deb: Pulling fs layer
d73e1c1ce701: Pulling fs layer
f9b6b3ca5a6b: Pulling fs layer
7388afd30393: Pulling fs layer
666c9550f0fe: Pulling fs layer
bc8c8f70fd04: Pulling fs layer
a05f035593a8: Waiting
d73e1c1ce701: Waiting
f9b6b3ca5a6b: Waiting
5ec8eb8d55c2: Waiting
bc8c8f70fd04: Waiting
22baa802233c: Waiting
666c9550f0fe: Waiting
7388afd30393: Waiting
48785e0b9deb: Waiting
05731e63f211: Download complete
0bd67c50d6be: Verifying Checksum
6abc03819f3e: Download complete
a05f035593a8: Verifying Checksum
a05f035593a8: Download complete
5ec8eb8d55c2: Verifying Checksum
5ec8eb8d55c2: Download complete
48785e0b9deb: Verifying Checksum
48785e0b9deb: Download complete
d73e1c1ce701: Download complete
f9b6b3ca5a6b: Download complete
7388afd30393: Verifying Checksum
7388afd30393: Download complete
666c9550f0fe: Verifying Checksum
666c9550f0fe: Download complete
bc8c8f70fd04: Verifying Checksum
bc8c8f70fd04: Download complete
6abc03819f3e: Pull complete
22baa802233c: Download complete
05731e63f211: Pull complete
0bd67c50d6be: Pull complete
22baa802233c: Pull complete
a05f035593a8: Pull complete
5ec8eb8d55c2: Pull complete
48785e0b9deb: Pull complete
d73e1c1ce701: Pull complete
f9b6b3ca5a6b: Pull complete
7388afd30393: Pull complete
666c9550f0fe: Pull complete
bc8c8f70fd04: Pull complete
Digest: sha256:189fc12c535e6d9289ab312bc143d21f79ed352800425c4239fedd7cc5dcceb3
Status: Downloaded newer image for docker.io/zlskidmore/kallisto:latest
##### QC BAM file #####
tba
