Started analysis of SCC_7319_B2_R1.fastq.gz
Approx 5% complete for SCC_7319_B2_R1.fastq.gz
Approx 10% complete for SCC_7319_B2_R1.fastq.gz
Approx 15% complete for SCC_7319_B2_R1.fastq.gz
Approx 20% complete for SCC_7319_B2_R1.fastq.gz
Approx 25% complete for SCC_7319_B2_R1.fastq.gz
Approx 30% complete for SCC_7319_B2_R1.fastq.gz
Approx 35% complete for SCC_7319_B2_R1.fastq.gz
Approx 40% complete for SCC_7319_B2_R1.fastq.gz
Approx 45% complete for SCC_7319_B2_R1.fastq.gz
Approx 50% complete for SCC_7319_B2_R1.fastq.gz
Approx 55% complete for SCC_7319_B2_R1.fastq.gz
Approx 60% complete for SCC_7319_B2_R1.fastq.gz
Approx 65% complete for SCC_7319_B2_R1.fastq.gz
Approx 70% complete for SCC_7319_B2_R1.fastq.gz
Approx 75% complete for SCC_7319_B2_R1.fastq.gz
Approx 80% complete for SCC_7319_B2_R1.fastq.gz
Approx 85% complete for SCC_7319_B2_R1.fastq.gz
Approx 90% complete for SCC_7319_B2_R1.fastq.gz
Approx 95% complete for SCC_7319_B2_R1.fastq.gz
Started analysis of SCC_7319_B2_R2.fastq.gz
Approx 5% complete for SCC_7319_B2_R2.fastq.gz
Approx 10% complete for SCC_7319_B2_R2.fastq.gz
Approx 15% complete for SCC_7319_B2_R2.fastq.gz
Approx 20% complete for SCC_7319_B2_R2.fastq.gz
Approx 25% complete for SCC_7319_B2_R2.fastq.gz
Approx 30% complete for SCC_7319_B2_R2.fastq.gz
Approx 35% complete for SCC_7319_B2_R2.fastq.gz
Approx 40% complete for SCC_7319_B2_R2.fastq.gz
Approx 45% complete for SCC_7319_B2_R2.fastq.gz
Approx 50% complete for SCC_7319_B2_R2.fastq.gz
Approx 55% complete for SCC_7319_B2_R2.fastq.gz
Approx 60% complete for SCC_7319_B2_R2.fastq.gz
Approx 65% complete for SCC_7319_B2_R2.fastq.gz
Approx 70% complete for SCC_7319_B2_R2.fastq.gz
Approx 75% complete for SCC_7319_B2_R2.fastq.gz
Approx 80% complete for SCC_7319_B2_R2.fastq.gz
Approx 85% complete for SCC_7319_B2_R2.fastq.gz
Approx 90% complete for SCC_7319_B2_R2.fastq.gz
Approx 95% complete for SCC_7319_B2_R2.fastq.gz
TrimmomaticPE: Started with arguments:
 -threads 1 -phred33 -trimlog /tmp/output/03_trimmomatic/LOG_SCC_7319_B2.txt /tmp/raw-data/P2000996_02292020/FASTQ/SCC_7319_B2_R1.fastq.gz /tmp/raw-data/P2000996_02292020/FASTQ/SCC_7319_B2_R2.fastq.gz /tmp/output/03_trimmomatic/SCC_7319_B2_R1_trimmed.fastq.gz /tmp/output/03_trimmomatic/SCC_7319_B2_R1_trimmedUNPAIRED.fastq.gz /tmp/output/03_trimmomatic/SCC_7319_B2_R2_trimmed.fastq.gz /tmp/output/03_trimmomatic/SCC_7319_B2_R2_trimmedUNPAIRED.fastq.gz LEADING:30 TRAILING:30 SLIDINGWINDOW:4:30 MINLEN:90
slurmstepd: error: *** JOB 12994305 ON exanode-3-6 CANCELLED AT 2020-05-11T22:34:56 ***
